<?xml version="1.0" encoding="UTF-8"?>
<!-- Generated by org.testng.reporters.JUnitReportReporter -->
<testsuite skipped="0" hostname="DESKTOP-QQ1T9UV" name="com.booking.BookingTests" tests="2" failures="0" timestamp="06 Dec 2018 19:05:49 GMT" time="22.508" errors="0">
  <testcase name="testBookingCase2" time="13.643" classname="com.booking.BookingTests"/>
  <testcase name="testBookingCase1" time="8.865" classname="com.booking.BookingTests"/>
</testsuite> <!-- com.booking.BookingTests -->
