<?xml version="1.0" encoding="UTF-8"?>
<!-- Generated by org.testng.reporters.JUnitReportReporter -->
<testsuite skipped="0" hostname="DESKTOP-QQ1T9UV" name="com.booking.BookingTests" tests="2" failures="0" timestamp="06 Dec 2018 22:17:44 GMT" time="23.363" errors="0">
  <testcase name="testBookingCase1" time="9.738" classname="com.booking.BookingTests"/>
  <testcase name="testBookingCase2" time="13.625" classname="com.booking.BookingTests"/>
</testsuite> <!-- com.booking.BookingTests -->
